Using pre-set license
Built from '2021.3/staging' branch; Version is '2021.3.4f1 (cb45f9cae8b7) revision 13321721'; Using compiler version '192829333'; Build Type 'Release'
OS: 'Windows 10  (10.0.19044) 64bit Professional' Language: 'fr' Physical Memory: 16327 MB
BatchMode: 1, IsHumanControllingUs: 0, StartBugReporterOnCrash: 0, Is64bit: 1, IsPro: 1

COMMAND LINE ARGUMENTS:
C:\Program Files\Unity\Hub\Editor\2021.3.4f1\Editor\Unity.exe
-adb2
-batchMode
-noUpm
-name
AssetImportWorker0
-projectPath
C:/Users/Zoé/Documents/TGD/ViewerWithSubModules/ViewerAsSubmodule
-logFile
Logs/AssetImportWorker0.log
-srvPort
63455
Successfully changed project path to: C:/Users/Zoé/Documents/TGD/ViewerWithSubModules/ViewerAsSubmodule
C:/Users/Zoé/Documents/TGD/ViewerWithSubModules/ViewerAsSubmodule
[UnityMemory] Configuration Parameters - Can be set up in boot.config
    "memorysetup-bucket-allocator-granularity=16"
    "memorysetup-bucket-allocator-bucket-count=8"
    "memorysetup-bucket-allocator-block-size=33554432"
    "memorysetup-bucket-allocator-block-count=8"
    "memorysetup-main-allocator-block-size=16777216"
    "memorysetup-thread-allocator-block-size=16777216"
    "memorysetup-gfx-main-allocator-block-size=16777216"
    "memorysetup-gfx-thread-allocator-block-size=16777216"
    "memorysetup-cache-allocator-block-size=4194304"
    "memorysetup-typetree-allocator-block-size=2097152"
    "memorysetup-profiler-bucket-allocator-granularity=16"
    "memorysetup-profiler-bucket-allocator-bucket-count=8"
    "memorysetup-profiler-bucket-allocator-block-size=33554432"
    "memorysetup-profiler-bucket-allocator-block-count=8"
    "memorysetup-profiler-allocator-block-size=16777216"
    "memorysetup-profiler-editor-allocator-block-size=1048576"
    "memorysetup-temp-allocator-size-main=16777216"
    "memorysetup-job-temp-allocator-block-size=2097152"
    "memorysetup-job-temp-allocator-block-size-background=1048576"
    "memorysetup-job-temp-allocator-reduction-small-platforms=262144"
    "memorysetup-temp-allocator-size-background-worker=32768"
    "memorysetup-temp-allocator-size-job-worker=262144"
    "memorysetup-temp-allocator-size-preload-manager=33554432"
    "memorysetup-temp-allocator-size-nav-mesh-worker=65536"
    "memorysetup-temp-allocator-size-audio-worker=65536"
    "memorysetup-temp-allocator-size-cloud-worker=32768"
    "memorysetup-temp-allocator-size-gi-baking-worker=262144"
    "memorysetup-temp-allocator-size-gfx=262144"
Refreshing native plugins compatible for Editor in 117.94 ms, found 3 plugins.
Preloading 0 native plugins for Editor in 0.00 ms.
Initialize engine version: 2021.3.4f1 (cb45f9cae8b7)
[Subsystems] Discovering subsystems at path C:/Program Files/Unity/Hub/Editor/2021.3.4f1/Editor/Data/Resources/UnitySubsystems
[Subsystems] Discovering subsystems at path C:/Users/Zoé/Documents/TGD/ViewerWithSubModules/ViewerAsSubmodule/Assets
GfxDevice: creating device client; threaded=0; jobified=0
Direct3D:
    Version:  Direct3D 11.0 [level 11.1]
    Renderer: NVIDIA GeForce GTX 970 (ID=0x13c2)
    Vendor:   NVIDIA
    VRAM:     4043 MB
    Driver:   31.0.15.1694
Initialize mono
Mono path[0] = 'C:/Program Files/Unity/Hub/Editor/2021.3.4f1/Editor/Data/Managed'
Mono path[1] = 'C:/Program Files/Unity/Hub/Editor/2021.3.4f1/Editor/Data/MonoBleedingEdge/lib/mono/unityjit-win32'
Mono config path = 'C:/Program Files/Unity/Hub/Editor/2021.3.4f1/Editor/Data/MonoBleedingEdge/etc'
Using monoOptions --debugger-agent=transport=dt_socket,embedding=1,server=y,suspend=n,address=127.0.0.1:56852
Begin MonoManager ReloadAssembly
Registering precompiled unity dll's ...
Register platform support module: C:/Program Files/Unity/Hub/Editor/2021.3.4f1/Editor/Data/PlaybackEngines/WindowsStandaloneSupport/UnityEditor.WindowsStandalone.Extensions.dll
Registered in 0.008766 seconds.
Native extension for WindowsStandalone target not found
Refreshing native plugins compatible for Editor in 133.08 ms, found 3 plugins.
Preloading 0 native plugins for Editor in 0.00 ms.
Mono: successfully reloaded assembly
- Completed reload, in  1.612 seconds
Domain Reload Profiling:
	ReloadAssembly (1612ms)
		BeginReloadAssembly (138ms)
			ExecutionOrderSort (0ms)
			DisableScriptedObjects (0ms)
			BackupInstance (0ms)
			ReleaseScriptingObjects (0ms)
			CreateAndSetChildDomain (1ms)
		EndReloadAssembly (1281ms)
			LoadAssemblies (134ms)
			RebuildTransferFunctionScriptingTraits (0ms)
			SetupTypeCache (178ms)
			ReleaseScriptCaches (0ms)
			RebuildScriptCaches (40ms)
			SetupLoadedEditorAssemblies (989ms)
				LogAssemblyErrors (0ms)
				InitializePlatformSupportModulesInManaged (10ms)
				SetLoadedEditorAssemblies (0ms)
				RefreshPlugins (133ms)
				BeforeProcessingInitializeOnLoad (2ms)
				ProcessInitializeOnLoadAttributes (739ms)
				ProcessInitializeOnLoadMethodAttributes (104ms)
				AfterProcessingInitializeOnLoad (0ms)
				EditorAssembliesLoaded (0ms)
			ExecutionOrderSort2 (0ms)
			AwakeInstancesAfterBackupRestoration (0ms)
Platform modules already initialized, skipping
Registering precompiled user dll's ...
Registered in 0.014490 seconds.
Begin MonoManager ReloadAssembly
Symbol file LoadedFromMemory doesn't match image C:\Users\Zoé\Documents\TGD\ViewerWithSubModules\ViewerAsSubmodule\Library\PackageCache\com.unity.visualscripting@1.7.8\Editor\VisualScripting.Core\Dependencies\YamlDotNet\Unity.VisualScripting.YamlDotNet.dll
Symbol file LoadedFromMemory doesn't match image C:\Users\Zoé\Documents\TGD\ViewerWithSubModules\ViewerAsSubmodule\Library\PackageCache\com.unity.visualscripting@1.7.8\Editor\VisualScripting.Core\Dependencies\DotNetZip\Unity.VisualScripting.IonicZip.dll
Native extension for WindowsStandalone target not found
Refreshing native plugins compatible for Editor in 3.52 ms, found 3 plugins.
Preloading 0 native plugins for Editor in 0.00 ms.
Mono: successfully reloaded assembly
- Completed reload, in  2.328 seconds
Domain Reload Profiling:
	ReloadAssembly (2329ms)
		BeginReloadAssembly (239ms)
			ExecutionOrderSort (0ms)
			DisableScriptedObjects (29ms)
			BackupInstance (0ms)
			ReleaseScriptingObjects (0ms)
			CreateAndSetChildDomain (54ms)
		EndReloadAssembly (1905ms)
			LoadAssemblies (139ms)
			RebuildTransferFunctionScriptingTraits (0ms)
			SetupTypeCache (505ms)
			ReleaseScriptCaches (1ms)
			RebuildScriptCaches (125ms)
			SetupLoadedEditorAssemblies (1032ms)
				LogAssemblyErrors (0ms)
				InitializePlatformSupportModulesInManaged (27ms)
				SetLoadedEditorAssemblies (1ms)
				RefreshPlugins (4ms)
				BeforeProcessingInitializeOnLoad (195ms)
				ProcessInitializeOnLoadAttributes (697ms)
				ProcessInitializeOnLoadMethodAttributes (94ms)
				AfterProcessingInitializeOnLoad (15ms)
				EditorAssembliesLoaded (0ms)
			ExecutionOrderSort2 (0ms)
			AwakeInstancesAfterBackupRestoration (29ms)
Platform modules already initialized, skipping
========================================================================
Worker process is ready to serve import requests
Launched and connected shader compiler UnityShaderCompiler.exe after 0.08 seconds
Refreshing native plugins compatible for Editor in 1.30 ms, found 3 plugins.
Preloading 0 native plugins for Editor in 0.00 ms.
Unloading 3473 Unused Serialized files (Serialized files now loaded: 0)
Unloading 28 unused Assets / (113.4 KB). Loaded Objects now: 3959.
Memory consumption went from 135.0 MB to 134.9 MB.
Total: 4.137400 ms (FindLiveObjects: 0.368300 ms CreateObjectMapping: 0.196700 ms MarkObjects: 3.396700 ms  DeleteObjects: 0.174300 ms)

AssetImportParameters requested are different than current active one (requested -> active):
  custom:video-decoder-ogg-theora: a1e56fd34408186e4bbccfd4996cb3dc -> 
  custom:container-muxer-webm: aa71ff27fc2769a1b78a27578f13a17b -> 
  custom:container-demuxer-webm: 4f35f7cbe854078d1ac9338744f61a02 -> 
  custom:video-encoder-webm-vp8: eb34c28f22e8b96e1ab97ce403110664 -> 
  custom:audio-encoder-webm-vorbis: bf7c407c2cedff20999df2af8eb42d56 -> 
  custom:framework-win-MediaFoundation: 216162199b28c13a410421893ffa2e32 -> 
  custom:container-demuxer-ogg: 62fdf1f143b41e24485cea50d1cbac27 -> 
  custom:video-decoder-webm-vp8: 9c59270c3fd7afecdb556c50c9e8de78 -> 
  custom:audio-decoder-ogg-vorbis: bf7c407c2cedff20999df2af8eb42d56 -> 
========================================================================
Received Import Request.
  Time since last request: 2433985.259412 seconds.
  path: Assets/NotInSubModule/Environment/Prefabs/Nature/Stones/prefab_stone_gr4.prefab
  artifactKey: Guid(9571985061d700d4c8e2a666495af481) Importer(815301076,1909f56bfc062723c751e8b465ee728b)
Start importing Assets/NotInSubModule/Environment/Prefabs/Nature/Stones/prefab_stone_gr4.prefab using Guid(9571985061d700d4c8e2a666495af481) Importer(815301076,1909f56bfc062723c751e8b465ee728b)  -> (artifact id: '0a716a07dac52a2f3de87b882b7084fb') in 0.518542 seconds 
========================================================================
Received Import Request.
  Time since last request: 0.000034 seconds.
  path: Assets/NotInSubModule/Environment/Prefabs/Nature/Stones/prefab_stone_gr9.prefab
  artifactKey: Guid(a1c10e44418d78b4290bb8370d4c768f) Importer(815301076,1909f56bfc062723c751e8b465ee728b)
Start importing Assets/NotInSubModule/Environment/Prefabs/Nature/Stones/prefab_stone_gr9.prefab using Guid(a1c10e44418d78b4290bb8370d4c768f) Importer(815301076,1909f56bfc062723c751e8b465ee728b)  -> (artifact id: '00fa81be1be0039eb6cf5bacd5f75dab') in 0.093733 seconds 
========================================================================
Received Import Request.
  Time since last request: 0.000040 seconds.
  path: Assets/NotInSubModule/Environment/Prefabs/Misc/poubelle_publique02.prefab
  artifactKey: Guid(11ff1dd0c2489fe4aa99f99e9a71644d) Importer(815301076,1909f56bfc062723c751e8b465ee728b)
Start importing Assets/NotInSubModule/Environment/Prefabs/Misc/poubelle_publique02.prefab using Guid(11ff1dd0c2489fe4aa99f99e9a71644d) Importer(815301076,1909f56bfc062723c751e8b465ee728b)  -> (artifact id: 'ab7bc7e3a9487c608a833de92cc6a78c') in 0.165808 seconds 
========================================================================
Received Import Request.
  Time since last request: 0.000063 seconds.
  path: Assets/NotInSubModule/Environment/Prefabs/Nature/Stones/prefab_stone_gr3.prefab
  artifactKey: Guid(b42de0e58b10d534381087a7213505f3) Importer(815301076,1909f56bfc062723c751e8b465ee728b)
Start importing Assets/NotInSubModule/Environment/Prefabs/Nature/Stones/prefab_stone_gr3.prefab using Guid(b42de0e58b10d534381087a7213505f3) Importer(815301076,1909f56bfc062723c751e8b465ee728b)  -> (artifact id: 'cad331905f34cc193ac735061624ec19') in 0.091152 seconds 
========================================================================
Received Import Request.
  Time since last request: 0.000034 seconds.
  path: Assets/NotInSubModule/Environment/Models/Misc/powerpole_LOD0.fbx
  artifactKey: Guid(dbb1cd3496912c8488d65686cb2fb08f) Importer(815301076,1909f56bfc062723c751e8b465ee728b)
Start importing Assets/NotInSubModule/Environment/Models/Misc/powerpole_LOD0.fbx using Guid(dbb1cd3496912c8488d65686cb2fb08f) Importer(815301076,1909f56bfc062723c751e8b465ee728b)  -> (artifact id: '02bbed868c619ceda49e7881eb2ecfcf') in 0.201135 seconds 
========================================================================
Received Import Request.
  Time since last request: 0.000077 seconds.
  path: Assets/NotInSubModule/Environment/Prefabs/Misc/Powerpole.prefab
  artifactKey: Guid(67acf75bb14c15a4a88d93b6f5786809) Importer(815301076,1909f56bfc062723c751e8b465ee728b)
Start importing Assets/NotInSubModule/Environment/Prefabs/Misc/Powerpole.prefab using Guid(67acf75bb14c15a4a88d93b6f5786809) Importer(815301076,1909f56bfc062723c751e8b465ee728b)  -> (artifact id: '4b55c82389bc45569a8f942830c9c899') in 0.120205 seconds 
========================================================================
Received Import Request.
  Time since last request: 0.000026 seconds.
  path: Assets/NotInSubModule/Environment/Models/Nature/Plants/Plant01.obj
  artifactKey: Guid(86dfb7c13ad04cd4689dbdf1f2f66fbc) Importer(815301076,1909f56bfc062723c751e8b465ee728b)
Start importing Assets/NotInSubModule/Environment/Models/Nature/Plants/Plant01.obj using Guid(86dfb7c13ad04cd4689dbdf1f2f66fbc) Importer(815301076,1909f56bfc062723c751e8b465ee728b)  -> (artifact id: 'f5b672fdba3115a4d411c1e0858de5bc') in 0.099391 seconds 
========================================================================
Received Import Request.
  Time since last request: 0.000034 seconds.
  path: Assets/NotInSubModule/Environment/Models/Misc/powerpole_LOD2.fbx
  artifactKey: Guid(5cde3ec90195fae4abfc5f7c6426bc50) Importer(815301076,1909f56bfc062723c751e8b465ee728b)
Start importing Assets/NotInSubModule/Environment/Models/Misc/powerpole_LOD2.fbx using Guid(5cde3ec90195fae4abfc5f7c6426bc50) Importer(815301076,1909f56bfc062723c751e8b465ee728b)  -> (artifact id: '5b874a40e05fe1eb21c69fab4792d897') in 0.061226 seconds 
========================================================================
Received Import Request.
  Time since last request: 0.000045 seconds.
  path: Assets/NotInSubModule/Environment/Prefabs/Nature/Stones/prefab_stone_gr7.prefab
  artifactKey: Guid(6556f6b119eb03748ae003754237a1f5) Importer(815301076,1909f56bfc062723c751e8b465ee728b)
Start importing Assets/NotInSubModule/Environment/Prefabs/Nature/Stones/prefab_stone_gr7.prefab using Guid(6556f6b119eb03748ae003754237a1f5) Importer(815301076,1909f56bfc062723c751e8b465ee728b)  -> (artifact id: '50f336fc0ddc71f6bf816bb2101e5181') in 0.063762 seconds 
========================================================================
Received Import Request.
  Time since last request: 0.000029 seconds.
  path: Assets/NotInSubModule/Environment/Models/Misc/powerpole_LOD1.fbx
  artifactKey: Guid(0d801143d3fb11740920acc12cc0d5cd) Importer(815301076,1909f56bfc062723c751e8b465ee728b)
Start importing Assets/NotInSubModule/Environment/Models/Misc/powerpole_LOD1.fbx using Guid(0d801143d3fb11740920acc12cc0d5cd) Importer(815301076,1909f56bfc062723c751e8b465ee728b)  -> (artifact id: '7e36e3c862259b85e003e512ff112a32') in 0.062654 seconds 
========================================================================
Received Import Request.
  Time since last request: 0.000029 seconds.
  path: Assets/NotInSubModule/Environment/Models/Nature/Plants/Plant02.obj
  artifactKey: Guid(4b5930b29b72fd24095d40447d227989) Importer(815301076,1909f56bfc062723c751e8b465ee728b)
Start importing Assets/NotInSubModule/Environment/Models/Nature/Plants/Plant02.obj using Guid(4b5930b29b72fd24095d40447d227989) Importer(815301076,1909f56bfc062723c751e8b465ee728b)  -> (artifact id: '3628589686a6b5e008782c590727375e') in 0.096254 seconds 
========================================================================
Received Import Request.
  Time since last request: 0.000034 seconds.
  path: Assets/NotInSubModule/Environment/Models/Nature/Plants/Plant03.obj
  artifactKey: Guid(c7109edfb1c154340b6a48583baaf05d) Importer(815301076,1909f56bfc062723c751e8b465ee728b)
Start importing Assets/NotInSubModule/Environment/Models/Nature/Plants/Plant03.obj using Guid(c7109edfb1c154340b6a48583baaf05d) Importer(815301076,1909f56bfc062723c751e8b465ee728b)  -> (artifact id: '5cbafb3e3128462786d109a777d64986') in 0.119075 seconds 
