Using pre-set license
Built from '2021.3/staging' branch; Version is '2021.3.4f1 (cb45f9cae8b7) revision 13321721'; Using compiler version '192829333'; Build Type 'Release'
OS: 'Windows 10  (10.0.19044) 64bit Professional' Language: 'fr' Physical Memory: 16327 MB
BatchMode: 1, IsHumanControllingUs: 0, StartBugReporterOnCrash: 0, Is64bit: 1, IsPro: 1

COMMAND LINE ARGUMENTS:
C:\Program Files\Unity\Hub\Editor\2021.3.4f1\Editor\Unity.exe
-adb2
-batchMode
-noUpm
-name
AssetImportWorker0
-projectPath
C:/Users/Zoé/Documents/TGD/ViewerWithSubModules/ViewerAsSubmodule
-logFile
Logs/AssetImportWorker0.log
-srvPort
57861
Successfully changed project path to: C:/Users/Zoé/Documents/TGD/ViewerWithSubModules/ViewerAsSubmodule
C:/Users/Zoé/Documents/TGD/ViewerWithSubModules/ViewerAsSubmodule
[UnityMemory] Configuration Parameters - Can be set up in boot.config
    "memorysetup-bucket-allocator-granularity=16"
    "memorysetup-bucket-allocator-bucket-count=8"
    "memorysetup-bucket-allocator-block-size=33554432"
    "memorysetup-bucket-allocator-block-count=8"
    "memorysetup-main-allocator-block-size=16777216"
    "memorysetup-thread-allocator-block-size=16777216"
    "memorysetup-gfx-main-allocator-block-size=16777216"
    "memorysetup-gfx-thread-allocator-block-size=16777216"
    "memorysetup-cache-allocator-block-size=4194304"
    "memorysetup-typetree-allocator-block-size=2097152"
    "memorysetup-profiler-bucket-allocator-granularity=16"
    "memorysetup-profiler-bucket-allocator-bucket-count=8"
    "memorysetup-profiler-bucket-allocator-block-size=33554432"
    "memorysetup-profiler-bucket-allocator-block-count=8"
    "memorysetup-profiler-allocator-block-size=16777216"
    "memorysetup-profiler-editor-allocator-block-size=1048576"
    "memorysetup-temp-allocator-size-main=16777216"
    "memorysetup-job-temp-allocator-block-size=2097152"
    "memorysetup-job-temp-allocator-block-size-background=1048576"
    "memorysetup-job-temp-allocator-reduction-small-platforms=262144"
    "memorysetup-temp-allocator-size-background-worker=32768"
    "memorysetup-temp-allocator-size-job-worker=262144"
    "memorysetup-temp-allocator-size-preload-manager=33554432"
    "memorysetup-temp-allocator-size-nav-mesh-worker=65536"
    "memorysetup-temp-allocator-size-audio-worker=65536"
    "memorysetup-temp-allocator-size-cloud-worker=32768"
    "memorysetup-temp-allocator-size-gi-baking-worker=262144"
    "memorysetup-temp-allocator-size-gfx=262144"
Refreshing native plugins compatible for Editor in 112.59 ms, found 3 plugins.
Preloading 0 native plugins for Editor in 0.00 ms.
Initialize engine version: 2021.3.4f1 (cb45f9cae8b7)
[Subsystems] Discovering subsystems at path C:/Program Files/Unity/Hub/Editor/2021.3.4f1/Editor/Data/Resources/UnitySubsystems
[Subsystems] Discovering subsystems at path C:/Users/Zoé/Documents/TGD/ViewerWithSubModules/ViewerAsSubmodule/Assets
GfxDevice: creating device client; threaded=0; jobified=0
Direct3D:
    Version:  Direct3D 11.0 [level 11.1]
    Renderer: NVIDIA GeForce GTX 970 (ID=0x13c2)
    Vendor:   NVIDIA
    VRAM:     4043 MB
    Driver:   31.0.15.1694
Initialize mono
Mono path[0] = 'C:/Program Files/Unity/Hub/Editor/2021.3.4f1/Editor/Data/Managed'
Mono path[1] = 'C:/Program Files/Unity/Hub/Editor/2021.3.4f1/Editor/Data/MonoBleedingEdge/lib/mono/unityjit-win32'
Mono config path = 'C:/Program Files/Unity/Hub/Editor/2021.3.4f1/Editor/Data/MonoBleedingEdge/etc'
Using monoOptions --debugger-agent=transport=dt_socket,embedding=1,server=y,suspend=n,address=127.0.0.1:56860
Begin MonoManager ReloadAssembly
Registering precompiled unity dll's ...
Register platform support module: C:/Program Files/Unity/Hub/Editor/2021.3.4f1/Editor/Data/PlaybackEngines/WindowsStandaloneSupport/UnityEditor.WindowsStandalone.Extensions.dll
Registered in 0.008141 seconds.
Native extension for WindowsStandalone target not found
Refreshing native plugins compatible for Editor in 107.23 ms, found 3 plugins.
Preloading 0 native plugins for Editor in 0.00 ms.
Mono: successfully reloaded assembly
- Completed reload, in  0.833 seconds
Domain Reload Profiling:
	ReloadAssembly (834ms)
		BeginReloadAssembly (92ms)
			ExecutionOrderSort (0ms)
			DisableScriptedObjects (0ms)
			BackupInstance (0ms)
			ReleaseScriptingObjects (0ms)
			CreateAndSetChildDomain (1ms)
		EndReloadAssembly (603ms)
			LoadAssemblies (90ms)
			RebuildTransferFunctionScriptingTraits (0ms)
			SetupTypeCache (135ms)
			ReleaseScriptCaches (0ms)
			RebuildScriptCaches (45ms)
			SetupLoadedEditorAssemblies (358ms)
				LogAssemblyErrors (0ms)
				InitializePlatformSupportModulesInManaged (10ms)
				SetLoadedEditorAssemblies (0ms)
				RefreshPlugins (107ms)
				BeforeProcessingInitializeOnLoad (2ms)
				ProcessInitializeOnLoadAttributes (180ms)
				ProcessInitializeOnLoadMethodAttributes (59ms)
				AfterProcessingInitializeOnLoad (0ms)
				EditorAssembliesLoaded (0ms)
			ExecutionOrderSort2 (0ms)
			AwakeInstancesAfterBackupRestoration (0ms)
Platform modules already initialized, skipping
Registering precompiled user dll's ...
Registered in 0.007201 seconds.
Begin MonoManager ReloadAssembly
Symbol file LoadedFromMemory doesn't match image C:\Users\Zoé\Documents\TGD\ViewerWithSubModules\ViewerAsSubmodule\Library\PackageCache\com.unity.visualscripting@1.7.8\Editor\VisualScripting.Core\Dependencies\YamlDotNet\Unity.VisualScripting.YamlDotNet.dll
Symbol file LoadedFromMemory doesn't match image C:\Users\Zoé\Documents\TGD\ViewerWithSubModules\ViewerAsSubmodule\Library\PackageCache\com.unity.visualscripting@1.7.8\Editor\VisualScripting.Core\Dependencies\DotNetZip\Unity.VisualScripting.IonicZip.dll
Native extension for WindowsStandalone target not found
Refreshing native plugins compatible for Editor in 0.89 ms, found 3 plugins.
Preloading 0 native plugins for Editor in 0.00 ms.
Mono: successfully reloaded assembly
- Completed reload, in  2.460 seconds
Domain Reload Profiling:
	ReloadAssembly (2462ms)
		BeginReloadAssembly (167ms)
			ExecutionOrderSort (0ms)
			DisableScriptedObjects (8ms)
			BackupInstance (0ms)
			ReleaseScriptingObjects (0ms)
			CreateAndSetChildDomain (26ms)
		EndReloadAssembly (2150ms)
			LoadAssemblies (518ms)
			RebuildTransferFunctionScriptingTraits (0ms)
			SetupTypeCache (434ms)
			ReleaseScriptCaches (1ms)
			RebuildScriptCaches (104ms)
			SetupLoadedEditorAssemblies (797ms)
				LogAssemblyErrors (0ms)
				InitializePlatformSupportModulesInManaged (25ms)
				SetLoadedEditorAssemblies (1ms)
				RefreshPlugins (1ms)
				BeforeProcessingInitializeOnLoad (143ms)
				ProcessInitializeOnLoadAttributes (570ms)
				ProcessInitializeOnLoadMethodAttributes (43ms)
				AfterProcessingInitializeOnLoad (15ms)
				EditorAssembliesLoaded (0ms)
			ExecutionOrderSort2 (0ms)
			AwakeInstancesAfterBackupRestoration (27ms)
Platform modules already initialized, skipping
========================================================================
Worker process is ready to serve import requests
Launched and connected shader compiler UnityShaderCompiler.exe after 0.06 seconds
Refreshing native plugins compatible for Editor in 1.13 ms, found 3 plugins.
Preloading 0 native plugins for Editor in 0.00 ms.
Unloading 3486 Unused Serialized files (Serialized files now loaded: 0)
Unloading 28 unused Assets / (112.6 KB). Loaded Objects now: 3973.
Memory consumption went from 137.3 MB to 137.1 MB.
Total: 4.960300 ms (FindLiveObjects: 0.406300 ms CreateObjectMapping: 0.491300 ms MarkObjects: 3.849900 ms  DeleteObjects: 0.211600 ms)

AssetImportParameters requested are different than current active one (requested -> active):
  custom:video-decoder-ogg-theora: a1e56fd34408186e4bbccfd4996cb3dc -> 
  custom:container-muxer-webm: aa71ff27fc2769a1b78a27578f13a17b -> 
  custom:container-demuxer-webm: 4f35f7cbe854078d1ac9338744f61a02 -> 
  custom:video-encoder-webm-vp8: eb34c28f22e8b96e1ab97ce403110664 -> 
  custom:audio-encoder-webm-vorbis: bf7c407c2cedff20999df2af8eb42d56 -> 
  custom:framework-win-MediaFoundation: 216162199b28c13a410421893ffa2e32 -> 
  custom:container-demuxer-ogg: 62fdf1f143b41e24485cea50d1cbac27 -> 
  custom:video-decoder-webm-vp8: 9c59270c3fd7afecdb556c50c9e8de78 -> 
  custom:audio-decoder-ogg-vorbis: bf7c407c2cedff20999df2af8eb42d56 -> 
========================================================================
Received Import Request.
  Time since last request: 2814.634145 seconds.
  path: Assets/NotInSubModule/Environment/Textures/Misc/TX_BlockRoad_NM.png
  artifactKey: Guid(b926597ba41437d4794df572acfa4d04) Importer(815301076,1909f56bfc062723c751e8b465ee728b)
Start importing Assets/NotInSubModule/Environment/Textures/Misc/TX_BlockRoad_NM.png using Guid(b926597ba41437d4794df572acfa4d04) Importer(815301076,1909f56bfc062723c751e8b465ee728b)  -> (artifact id: '243b9fc8963b69fc4de6d8d5259aa530') in 0.201403 seconds 
========================================================================
Received Import Request.
  Time since last request: 0.000039 seconds.
  path: Assets/NotInSubModule/Environment/_TerrainAutoUpgrade/layer_RoadECF3d3aba195e4d26ee.terrainlayer
  artifactKey: Guid(4e047fb0eba37634a9777859be6ba50c) Importer(815301076,1909f56bfc062723c751e8b465ee728b)
Start importing Assets/NotInSubModule/Environment/_TerrainAutoUpgrade/layer_RoadECF3d3aba195e4d26ee.terrainlayer using Guid(4e047fb0eba37634a9777859be6ba50c) Importer(815301076,1909f56bfc062723c751e8b465ee728b)  -> (artifact id: 'c2faf9b5c62738cc80fd5c916b4f2b2a') in 0.036873 seconds 
========================================================================
Received Import Request.
  Time since last request: 0.000042 seconds.
  path: Assets/NotInSubModule/Environment/Prefabs/Misc/Mesh_Blockroad_A_002.prefab
  artifactKey: Guid(b1c77a90817c91a44a0a4b8e94c8b2d7) Importer(815301076,1909f56bfc062723c751e8b465ee728b)
Start importing Assets/NotInSubModule/Environment/Prefabs/Misc/Mesh_Blockroad_A_002.prefab using Guid(b1c77a90817c91a44a0a4b8e94c8b2d7) Importer(815301076,1909f56bfc062723c751e8b465ee728b)  -> (artifact id: '0a7b4e5ed8cbd4b0ea674c67b2e608cd') in 0.062463 seconds 
========================================================================
Received Import Request.
  Time since last request: 0.000028 seconds.
  path: Assets/NotInSubModule/Environment/Prefabs/RoadSigns/Panel_RoadSign/Roadsign_Fr/RoadSign_J4.prefab
  artifactKey: Guid(00ecafc4dc6392b448582f25f96cd224) Importer(815301076,1909f56bfc062723c751e8b465ee728b)
Start importing Assets/NotInSubModule/Environment/Prefabs/RoadSigns/Panel_RoadSign/Roadsign_Fr/RoadSign_J4.prefab using Guid(00ecafc4dc6392b448582f25f96cd224) Importer(815301076,1909f56bfc062723c751e8b465ee728b)  -> (artifact id: '088d70695b4281e156906957c1bc0dfb') in 0.063811 seconds 
========================================================================
Received Import Request.
  Time since last request: 0.000037 seconds.
  path: Assets/SubModules/SubmoduleViewer/Assets/3DViewer/prefab/Road/Roads.prefab
  artifactKey: Guid(046a82d707e53408f9f1b567e7d88ac1) Importer(815301076,1909f56bfc062723c751e8b465ee728b)
Start importing Assets/SubModules/SubmoduleViewer/Assets/3DViewer/prefab/Road/Roads.prefab using Guid(046a82d707e53408f9f1b567e7d88ac1) Importer(815301076,1909f56bfc062723c751e8b465ee728b)  -> (artifact id: 'a0ffe28ed70cbbe93b22f299f216cf6d') in 0.011597 seconds 
========================================================================
Received Import Request.
  Time since last request: 0.000076 seconds.
  path: Assets/NotInSubModule/Environment/Prefabs/RoadSigns/Panel_RoadSign/Roadsign_Fr/RoadSign_AB4.prefab
  artifactKey: Guid(2a76eaf72b3e1bf47bb8b123ba4bb206) Importer(815301076,1909f56bfc062723c751e8b465ee728b)
Start importing Assets/NotInSubModule/Environment/Prefabs/RoadSigns/Panel_RoadSign/Roadsign_Fr/RoadSign_AB4.prefab using Guid(2a76eaf72b3e1bf47bb8b123ba4bb206) Importer(815301076,1909f56bfc062723c751e8b465ee728b)  -> (artifact id: '35a3a0805bea423f603f018d9f4b73bf') in 0.024402 seconds 
========================================================================
Received Import Request.
  Time since last request: 0.000026 seconds.
  path: Assets/SubModules/SubmoduleViewer/Assets/3DViewer/Materiel/M_RoadMarker.mat
  artifactKey: Guid(01214bdf86d654146a8131d608665a51) Importer(815301076,1909f56bfc062723c751e8b465ee728b)
Start importing Assets/SubModules/SubmoduleViewer/Assets/3DViewer/Materiel/M_RoadMarker.mat using Guid(01214bdf86d654146a8131d608665a51) Importer(815301076,1909f56bfc062723c751e8b465ee728b)  -> (artifact id: 'd5b2075ab7b168d62051cd5cfe8d5e63') in 0.065128 seconds 
========================================================================
Received Import Request.
  Time since last request: 0.000030 seconds.
  path: Assets/NotInSubModule/Environment/Models/RoadSigns/Panel_RoadSign/Mesh_PanelRoadSign_Stop_001_LOD0.FBX
  artifactKey: Guid(0d6594cfff090d14fb8678d3485823e2) Importer(815301076,1909f56bfc062723c751e8b465ee728b)
Start importing Assets/NotInSubModule/Environment/Models/RoadSigns/Panel_RoadSign/Mesh_PanelRoadSign_Stop_001_LOD0.FBX using Guid(0d6594cfff090d14fb8678d3485823e2) Importer(815301076,1909f56bfc062723c751e8b465ee728b)  -> (artifact id: 'bb51576ee52c576d2462c9778b1fe1ee') in 0.078742 seconds 
========================================================================
Received Import Request.
  Time since last request: 0.000031 seconds.
  path: Assets/SubModules/SubmoduleViewer/Assets/3DViewer/prefab/Road/Road.prefab
  artifactKey: Guid(c813a77df7e6da841b88463cf283b5fc) Importer(815301076,1909f56bfc062723c751e8b465ee728b)
Start importing Assets/SubModules/SubmoduleViewer/Assets/3DViewer/prefab/Road/Road.prefab using Guid(c813a77df7e6da841b88463cf283b5fc) Importer(815301076,1909f56bfc062723c751e8b465ee728b)  -> (artifact id: 'f204994122ff4738fc9161dbe48485d4') in 0.014041 seconds 
========================================================================
Received Import Request.
  Time since last request: 0.000027 seconds.
  path: Assets/NotInSubModule/Environment/Models/RoadSigns/Panel_RoadSign/Mesh_PanelRoadSign_Pole_001_LOD0.FBX
  artifactKey: Guid(97de6163f2f53744ea27160291a48e47) Importer(815301076,1909f56bfc062723c751e8b465ee728b)
Start importing Assets/NotInSubModule/Environment/Models/RoadSigns/Panel_RoadSign/Mesh_PanelRoadSign_Pole_001_LOD0.FBX using Guid(97de6163f2f53744ea27160291a48e47) Importer(815301076,1909f56bfc062723c751e8b465ee728b)  -> (artifact id: '5df11f8051f30f83f5e51f5edab15076') in 0.033390 seconds 
========================================================================
Received Import Request.
  Time since last request: 0.000028 seconds.
  path: Assets/SubModules/SubmoduleViewer/Assets/3DViewer/Scripts/Builders/RoadBuilder.cs
  artifactKey: Guid(e528f89eea7584b4ead44aaaf9355c71) Importer(815301076,1909f56bfc062723c751e8b465ee728b)
Start importing Assets/SubModules/SubmoduleViewer/Assets/3DViewer/Scripts/Builders/RoadBuilder.cs using Guid(e528f89eea7584b4ead44aaaf9355c71) Importer(815301076,1909f56bfc062723c751e8b465ee728b)  -> (artifact id: 'd879be55a0002bc1140675b268afbfb6') in 0.008017 seconds 
========================================================================
Received Import Request.
  Time since last request: 0.000023 seconds.
  path: Assets/NotInSubModule/Environment/Prefabs/Misc/Mesh_Blockroad_A_001.prefab
  artifactKey: Guid(34658a4e7f47d19439cfddb99a4982b9) Importer(815301076,1909f56bfc062723c751e8b465ee728b)
Start importing Assets/NotInSubModule/Environment/Prefabs/Misc/Mesh_Blockroad_A_001.prefab using Guid(34658a4e7f47d19439cfddb99a4982b9) Importer(815301076,1909f56bfc062723c751e8b465ee728b)  -> (artifact id: 'bf468f9c9ca624e0fe2667205922d803') in 0.018739 seconds 
========================================================================
Received Import Request.
  Time since last request: 0.000024 seconds.
  path: Assets/SubModules/SubmoduleViewer/Assets/3DViewer/Scripts/Data/Configurations/Roads/RoadConfiguration.asset
  artifactKey: Guid(23e58c205c873e64fad55d4518b500a4) Importer(815301076,1909f56bfc062723c751e8b465ee728b)
Start importing Assets/SubModules/SubmoduleViewer/Assets/3DViewer/Scripts/Data/Configurations/Roads/RoadConfiguration.asset using Guid(23e58c205c873e64fad55d4518b500a4) Importer(815301076,1909f56bfc062723c751e8b465ee728b)  -> (artifact id: 'ed541f2a202d268fd2ab4d1b6aba834c') in 0.010608 seconds 
========================================================================
Received Import Request.
  Time since last request: 0.000025 seconds.
  path: Assets/SubModules/SubmoduleViewer/Assets/3DViewer/prefab/Road/RoadBuilder.prefab
  artifactKey: Guid(447f70192a61345a581c264a353e1134) Importer(815301076,1909f56bfc062723c751e8b465ee728b)
Start importing Assets/SubModules/SubmoduleViewer/Assets/3DViewer/prefab/Road/RoadBuilder.prefab using Guid(447f70192a61345a581c264a353e1134) Importer(815301076,1909f56bfc062723c751e8b465ee728b)  -> (artifact id: 'fd021e8d9079a7899cbcba76d7a067d4') in 0.009554 seconds 
========================================================================
Received Import Request.
  Time since last request: 0.000027 seconds.
  path: Assets/NotInSubModule/Environment/Prefabs/RoadSigns/Panel_RoadSign/Roadsign_Fr/RoadSign_AB25.prefab
  artifactKey: Guid(37e72d0c6c6988940af59c47e7bee3e9) Importer(815301076,1909f56bfc062723c751e8b465ee728b)
Start importing Assets/NotInSubModule/Environment/Prefabs/RoadSigns/Panel_RoadSign/Roadsign_Fr/RoadSign_AB25.prefab using Guid(37e72d0c6c6988940af59c47e7bee3e9) Importer(815301076,1909f56bfc062723c751e8b465ee728b)  -> (artifact id: '8bcebc88a0f19cf0d687cba6a054be7d') in 0.025022 seconds 
========================================================================
Received Import Request.
  Time since last request: 0.000034 seconds.
  path: Assets/NotInSubModule/Environment/Textures/Panel_RoadSign/TX_RoadSign_A_NM.png
  artifactKey: Guid(75aa39b9fa2775f46822970e83109cac) Importer(815301076,1909f56bfc062723c751e8b465ee728b)
Start importing Assets/NotInSubModule/Environment/Textures/Panel_RoadSign/TX_RoadSign_A_NM.png using Guid(75aa39b9fa2775f46822970e83109cac) Importer(815301076,1909f56bfc062723c751e8b465ee728b)  -> (artifact id: 'a3696f9bf883d327f108c7652f505441') in 0.046970 seconds 
========================================================================
Received Import Request.
  Time since last request: 0.000026 seconds.
  path: Assets/NotInSubModule/Environment/Textures/Misc/TX_BlockRoad_Red_Diff.png
  artifactKey: Guid(f82237a9d6b8a524f8e6483b5ded6597) Importer(815301076,1909f56bfc062723c751e8b465ee728b)
Start importing Assets/NotInSubModule/Environment/Textures/Misc/TX_BlockRoad_Red_Diff.png using Guid(f82237a9d6b8a524f8e6483b5ded6597) Importer(815301076,1909f56bfc062723c751e8b465ee728b)  -> (artifact id: '93ea6df242ff8303dae88d290a91e1cf') in 0.016384 seconds 
========================================================================
Received Import Request.
  Time since last request: 0.000032 seconds.
  path: Assets/NotInSubModule/Environment/Textures/Panel_RoadSign/TX_RoadSign_A_AL.png
  artifactKey: Guid(700d7281acdc20f49a0ec5e17cb9189c) Importer(815301076,1909f56bfc062723c751e8b465ee728b)
Start importing Assets/NotInSubModule/Environment/Textures/Panel_RoadSign/TX_RoadSign_A_AL.png using Guid(700d7281acdc20f49a0ec5e17cb9189c) Importer(815301076,1909f56bfc062723c751e8b465ee728b)  -> (artifact id: '7995752afbf94020b535877a0ca83774') in 0.018254 seconds 
========================================================================
Received Import Request.
  Time since last request: 0.000022 seconds.
  path: Assets/NotInSubModule/Environment/Textures/Misc/TX_Blockroad_White_Diff.png
  artifactKey: Guid(0ef6c603cbabb4e4086e3eaa8cae7871) Importer(815301076,1909f56bfc062723c751e8b465ee728b)
Start importing Assets/NotInSubModule/Environment/Textures/Misc/TX_Blockroad_White_Diff.png using Guid(0ef6c603cbabb4e4086e3eaa8cae7871) Importer(815301076,1909f56bfc062723c751e8b465ee728b)  -> (artifact id: '00103f3c2d99c907efa8ef447fefc914') in 0.014657 seconds 
========================================================================
Received Import Request.
  Time since last request: 0.000021 seconds.
  path: Assets/NotInSubModule/Environment/Materials/Misc/Blockroad_02.mat
  artifactKey: Guid(3bd49ec1e58630f4faa31f4244bbd42f) Importer(815301076,1909f56bfc062723c751e8b465ee728b)
Start importing Assets/NotInSubModule/Environment/Materials/Misc/Blockroad_02.mat using Guid(3bd49ec1e58630f4faa31f4244bbd42f) Importer(815301076,1909f56bfc062723c751e8b465ee728b)  -> (artifact id: 'ee16713ae49994906b5f2e19527dea91') in 0.022461 seconds 
========================================================================
Received Import Request.
  Time since last request: 0.000025 seconds.
  path: Assets/NotInSubModule/Environment/Textures/Terrains/Road/RoadECF.png
  artifactKey: Guid(6620ed0a1e0a70c44836d5c911f683d0) Importer(815301076,1909f56bfc062723c751e8b465ee728b)
Start importing Assets/NotInSubModule/Environment/Textures/Terrains/Road/RoadECF.png using Guid(6620ed0a1e0a70c44836d5c911f683d0) Importer(815301076,1909f56bfc062723c751e8b465ee728b)  -> (artifact id: '750a1781654be7bad82aea6623ee7bda') in 0.025361 seconds 
========================================================================
Received Import Request.
  Time since last request: 0.000025 seconds.
  path: Assets/NotInSubModule/Environment/Materials/RoadSigns/Mat_RoadSign_A_001.mat
  artifactKey: Guid(e42b24b3b28a77943a80fe89037e1733) Importer(815301076,1909f56bfc062723c751e8b465ee728b)
Start importing Assets/NotInSubModule/Environment/Materials/RoadSigns/Mat_RoadSign_A_001.mat using Guid(e42b24b3b28a77943a80fe89037e1733) Importer(815301076,1909f56bfc062723c751e8b465ee728b)  -> (artifact id: '75418c3b7071b1ae6d7db4e0b977e27a') in 0.026462 seconds 
========================================================================
Received Import Request.
  Time since last request: 0.000022 seconds.
  path: Assets/NotInSubModule/Environment/Models/RoadSigns/Panel_RoadSign/Mesh_PanelRoadSign_J4_001_LOD0.FBX
  artifactKey: Guid(6531c166c83a63941827d963630a9142) Importer(815301076,1909f56bfc062723c751e8b465ee728b)
Start importing Assets/NotInSubModule/Environment/Models/RoadSigns/Panel_RoadSign/Mesh_PanelRoadSign_J4_001_LOD0.FBX using Guid(6531c166c83a63941827d963630a9142) Importer(815301076,1909f56bfc062723c751e8b465ee728b)  -> (artifact id: '736dc58d011807e97d39c51ed013d591') in 0.023324 seconds 
========================================================================
Received Import Request.
  Time since last request: 0.000023 seconds.
  path: Assets/NotInSubModule/Environment/Materials/Misc/Blockroad_01.mat
  artifactKey: Guid(97d3c101f9675fb439ee878f6328bc45) Importer(815301076,1909f56bfc062723c751e8b465ee728b)
Start importing Assets/NotInSubModule/Environment/Materials/Misc/Blockroad_01.mat using Guid(97d3c101f9675fb439ee878f6328bc45) Importer(815301076,1909f56bfc062723c751e8b465ee728b)  -> (artifact id: 'c806c7835f0946e73e04707fe6c3395c') in 0.015468 seconds 
========================================================================
Received Import Request.
  Time since last request: 0.000024 seconds.
  path: Assets/NotInSubModule/Environment/Models/Misc/Mesh_Blockroad_A_001.FBX
  artifactKey: Guid(cbf09673b729fc748b9c786008d29477) Importer(815301076,1909f56bfc062723c751e8b465ee728b)
Start importing Assets/NotInSubModule/Environment/Models/Misc/Mesh_Blockroad_A_001.FBX using Guid(cbf09673b729fc748b9c786008d29477) Importer(815301076,1909f56bfc062723c751e8b465ee728b)  -> (artifact id: '775747ab32fe729c3d086226411e599a') in 0.019372 seconds 
========================================================================
Received Import Request.
  Time since last request: 6.188367 seconds.
  path: Assets/SubModules/SubmoduleViewer/Assets/3DViewer/Scripts/Builders/RoadBuilder.cs
  artifactKey: Guid(e528f89eea7584b4ead44aaaf9355c71) Importer(815301076,1909f56bfc062723c751e8b465ee728b)
Start importing Assets/SubModules/SubmoduleViewer/Assets/3DViewer/Scripts/Builders/RoadBuilder.cs using Guid(e528f89eea7584b4ead44aaaf9355c71) Importer(815301076,1909f56bfc062723c751e8b465ee728b)  -> (artifact id: 'fa50616ec2196ca92094da49c0917504') in 0.102044 seconds 
========================================================================
Received Prepare
Registering precompiled user dll's ...
Registered in 0.007129 seconds.
Begin MonoManager ReloadAssembly
Symbol file LoadedFromMemory doesn't match image C:\Users\Zoé\Documents\TGD\ViewerWithSubModules\ViewerAsSubmodule\Library\PackageCache\com.unity.visualscripting@1.7.8\Editor\VisualScripting.Core\Dependencies\YamlDotNet\Unity.VisualScripting.YamlDotNet.dll
Symbol file LoadedFromMemory doesn't match image C:\Users\Zoé\Documents\TGD\ViewerWithSubModules\ViewerAsSubmodule\Library\PackageCache\com.unity.visualscripting@1.7.8\Editor\VisualScripting.Core\Dependencies\DotNetZip\Unity.VisualScripting.IonicZip.dll
Native extension for WindowsStandalone target not found
Refreshing native plugins compatible for Editor in 0.77 ms, found 3 plugins.
Preloading 0 native plugins for Editor in 0.00 ms.
Mono: successfully reloaded assembly
- Completed reload, in  1.331 seconds
Domain Reload Profiling:
	ReloadAssembly (1332ms)
		BeginReloadAssembly (159ms)
			ExecutionOrderSort (0ms)
			DisableScriptedObjects (6ms)
			BackupInstance (0ms)
			ReleaseScriptingObjects (0ms)
			CreateAndSetChildDomain (46ms)
		EndReloadAssembly (1050ms)
			LoadAssemblies (101ms)
			RebuildTransferFunctionScriptingTraits (0ms)
			SetupTypeCache (368ms)
			ReleaseScriptCaches (2ms)
			RebuildScriptCaches (59ms)
			SetupLoadedEditorAssemblies (452ms)
				LogAssemblyErrors (0ms)
				InitializePlatformSupportModulesInManaged (18ms)
				SetLoadedEditorAssemblies (1ms)
				RefreshPlugins (1ms)
				BeforeProcessingInitializeOnLoad (99ms)
				ProcessInitializeOnLoadAttributes (286ms)
				ProcessInitializeOnLoadMethodAttributes (39ms)
				AfterProcessingInitializeOnLoad (9ms)
				EditorAssembliesLoaded (0ms)
			ExecutionOrderSort2 (0ms)
			AwakeInstancesAfterBackupRestoration (8ms)
Platform modules already initialized, skipping
Refreshing native plugins compatible for Editor in 2.66 ms, found 3 plugins.
Preloading 0 native plugins for Editor in 0.00 ms.
Unloading 3458 Unused Serialized files (Serialized files now loaded: 0)
Unloading 21 unused Assets / (81.6 KB). Loaded Objects now: 4025.
Memory consumption went from 139.7 MB to 139.6 MB.
Total: 4.434400 ms (FindLiveObjects: 0.344700 ms CreateObjectMapping: 0.289400 ms MarkObjects: 3.654800 ms  DeleteObjects: 0.144100 ms)

AssetImportParameters requested are different than current active one (requested -> active):
  custom:video-decoder-ogg-theora: a1e56fd34408186e4bbccfd4996cb3dc -> 
  custom:container-muxer-webm: aa71ff27fc2769a1b78a27578f13a17b -> 
  custom:container-demuxer-webm: 4f35f7cbe854078d1ac9338744f61a02 -> 
  custom:video-encoder-webm-vp8: eb34c28f22e8b96e1ab97ce403110664 -> 
  custom:audio-encoder-webm-vorbis: bf7c407c2cedff20999df2af8eb42d56 -> 
  custom:framework-win-MediaFoundation: 216162199b28c13a410421893ffa2e32 -> 
  custom:container-demuxer-ogg: 62fdf1f143b41e24485cea50d1cbac27 -> 
  custom:video-decoder-webm-vp8: 9c59270c3fd7afecdb556c50c9e8de78 -> 
  custom:audio-decoder-ogg-vorbis: bf7c407c2cedff20999df2af8eb42d56 -> 
========================================================================
Received Prepare
Registering precompiled user dll's ...
Registered in 0.006301 seconds.
Begin MonoManager ReloadAssembly
Symbol file LoadedFromMemory doesn't match image C:\Users\Zoé\Documents\TGD\ViewerWithSubModules\ViewerAsSubmodule\Library\PackageCache\com.unity.visualscripting@1.7.8\Editor\VisualScripting.Core\Dependencies\YamlDotNet\Unity.VisualScripting.YamlDotNet.dll
Symbol file LoadedFromMemory doesn't match image C:\Users\Zoé\Documents\TGD\ViewerWithSubModules\ViewerAsSubmodule\Library\PackageCache\com.unity.visualscripting@1.7.8\Editor\VisualScripting.Core\Dependencies\DotNetZip\Unity.VisualScripting.IonicZip.dll
Native extension for WindowsStandalone target not found
Refreshing native plugins compatible for Editor in 0.86 ms, found 3 plugins.
Preloading 0 native plugins for Editor in 0.00 ms.
Mono: successfully reloaded assembly
- Completed reload, in  1.494 seconds
Domain Reload Profiling:
	ReloadAssembly (1495ms)
		BeginReloadAssembly (189ms)
			ExecutionOrderSort (0ms)
			DisableScriptedObjects (8ms)
			BackupInstance (0ms)
			ReleaseScriptingObjects (0ms)
			CreateAndSetChildDomain (48ms)
		EndReloadAssembly (1183ms)
			LoadAssemblies (125ms)
			RebuildTransferFunctionScriptingTraits (0ms)
			SetupTypeCache (385ms)
			ReleaseScriptCaches (2ms)
			RebuildScriptCaches (63ms)
			SetupLoadedEditorAssemblies (548ms)
				LogAssemblyErrors (0ms)
				InitializePlatformSupportModulesInManaged (22ms)
				SetLoadedEditorAssemblies (1ms)
				RefreshPlugins (1ms)
				BeforeProcessingInitializeOnLoad (125ms)
				ProcessInitializeOnLoadAttributes (345ms)
				ProcessInitializeOnLoadMethodAttributes (43ms)
				AfterProcessingInitializeOnLoad (11ms)
				EditorAssembliesLoaded (0ms)
			ExecutionOrderSort2 (0ms)
			AwakeInstancesAfterBackupRestoration (12ms)
Platform modules already initialized, skipping
Refreshing native plugins compatible for Editor in 3.66 ms, found 3 plugins.
Preloading 0 native plugins for Editor in 0.00 ms.
Unloading 3458 Unused Serialized files (Serialized files now loaded: 0)
Unloading 21 unused Assets / (81.6 KB). Loaded Objects now: 4028.
Memory consumption went from 139.7 MB to 139.6 MB.
Total: 5.429200 ms (FindLiveObjects: 0.381500 ms CreateObjectMapping: 0.365100 ms MarkObjects: 4.486400 ms  DeleteObjects: 0.194600 ms)

AssetImportParameters requested are different than current active one (requested -> active):
  custom:video-decoder-ogg-theora: a1e56fd34408186e4bbccfd4996cb3dc -> 
  custom:container-muxer-webm: aa71ff27fc2769a1b78a27578f13a17b -> 
  custom:container-demuxer-webm: 4f35f7cbe854078d1ac9338744f61a02 -> 
  custom:video-encoder-webm-vp8: eb34c28f22e8b96e1ab97ce403110664 -> 
  custom:audio-encoder-webm-vorbis: bf7c407c2cedff20999df2af8eb42d56 -> 
  custom:framework-win-MediaFoundation: 216162199b28c13a410421893ffa2e32 -> 
  custom:container-demuxer-ogg: 62fdf1f143b41e24485cea50d1cbac27 -> 
  custom:video-decoder-webm-vp8: 9c59270c3fd7afecdb556c50c9e8de78 -> 
  custom:audio-decoder-ogg-vorbis: bf7c407c2cedff20999df2af8eb42d56 -> 
========================================================================
Received Prepare
Registering precompiled user dll's ...
Registered in 0.006089 seconds.
Begin MonoManager ReloadAssembly
Symbol file LoadedFromMemory doesn't match image C:\Users\Zoé\Documents\TGD\ViewerWithSubModules\ViewerAsSubmodule\Library\PackageCache\com.unity.visualscripting@1.7.8\Editor\VisualScripting.Core\Dependencies\YamlDotNet\Unity.VisualScripting.YamlDotNet.dll
Symbol file LoadedFromMemory doesn't match image C:\Users\Zoé\Documents\TGD\ViewerWithSubModules\ViewerAsSubmodule\Library\PackageCache\com.unity.visualscripting@1.7.8\Editor\VisualScripting.Core\Dependencies\DotNetZip\Unity.VisualScripting.IonicZip.dll
Native extension for WindowsStandalone target not found
Refreshing native plugins compatible for Editor in 0.82 ms, found 3 plugins.
Preloading 0 native plugins for Editor in 0.00 ms.
Mono: successfully reloaded assembly
- Completed reload, in  1.717 seconds
Domain Reload Profiling:
	ReloadAssembly (1719ms)
		BeginReloadAssembly (196ms)
			ExecutionOrderSort (0ms)
			DisableScriptedObjects (9ms)
			BackupInstance (0ms)
			ReleaseScriptingObjects (0ms)
			CreateAndSetChildDomain (57ms)
		EndReloadAssembly (1395ms)
			LoadAssemblies (122ms)
			RebuildTransferFunctionScriptingTraits (0ms)
			SetupTypeCache (466ms)
			ReleaseScriptCaches (2ms)
			RebuildScriptCaches (78ms)
			SetupLoadedEditorAssemblies (632ms)
				LogAssemblyErrors (0ms)
				InitializePlatformSupportModulesInManaged (26ms)
				SetLoadedEditorAssemblies (1ms)
				RefreshPlugins (1ms)
				BeforeProcessingInitializeOnLoad (145ms)
				ProcessInitializeOnLoadAttributes (395ms)
				ProcessInitializeOnLoadMethodAttributes (55ms)
				AfterProcessingInitializeOnLoad (10ms)
				EditorAssembliesLoaded (0ms)
			ExecutionOrderSort2 (0ms)
			AwakeInstancesAfterBackupRestoration (14ms)
Platform modules already initialized, skipping
Refreshing native plugins compatible for Editor in 3.29 ms, found 3 plugins.
Preloading 0 native plugins for Editor in 0.00 ms.
Unloading 3458 Unused Serialized files (Serialized files now loaded: 0)
Unloading 21 unused Assets / (81.6 KB). Loaded Objects now: 4031.
Memory consumption went from 139.7 MB to 139.6 MB.
Total: 6.307300 ms (FindLiveObjects: 0.467200 ms CreateObjectMapping: 0.359400 ms MarkObjects: 5.306100 ms  DeleteObjects: 0.172800 ms)

AssetImportParameters requested are different than current active one (requested -> active):
  custom:video-decoder-ogg-theora: a1e56fd34408186e4bbccfd4996cb3dc -> 
  custom:container-muxer-webm: aa71ff27fc2769a1b78a27578f13a17b -> 
  custom:container-demuxer-webm: 4f35f7cbe854078d1ac9338744f61a02 -> 
  custom:video-encoder-webm-vp8: eb34c28f22e8b96e1ab97ce403110664 -> 
  custom:audio-encoder-webm-vorbis: bf7c407c2cedff20999df2af8eb42d56 -> 
  custom:framework-win-MediaFoundation: 216162199b28c13a410421893ffa2e32 -> 
  custom:container-demuxer-ogg: 62fdf1f143b41e24485cea50d1cbac27 -> 
  custom:video-decoder-webm-vp8: 9c59270c3fd7afecdb556c50c9e8de78 -> 
  custom:audio-decoder-ogg-vorbis: bf7c407c2cedff20999df2af8eb42d56 -> 
